The system is: Linux - 5.8.0-38-generic - x86_64
Compiling the C compiler identification source file "CMakeCCompilerId.c" succeeded.
Compiler: /usr/bin/cc 
Build flags: 
Id flags:  

The output was:
0


Compilation of the C compiler identification source "CMakeCCompilerId.c" produced "a.out"

The C compiler identification is GNU, found in "/home/kuanghongliang/Documents/vscode_projects/khl_project/build/CMakeFiles/3.18.0/CompilerIdC/a.out"

Compiling the CXX compiler identification source file "CMakeCXXCompilerId.cpp" succeeded.
Compiler: /usr/bin/c++ 
Build flags: 
Id flags:  

The output was:
0


Compilation of the CXX compiler identification source "CMakeCXXCompilerId.cpp" produced "a.out"

The CXX compiler identification is GNU, found in "/home/kuanghongliang/Documents/vscode_projects/khl_project/build/CMakeFiles/3.18.0/CompilerIdCXX/a.out"

Detecting C compiler ABI info compiled with the following output:
Change Dir: /home/kuanghongliang/Documents/vscode_projects/khl_project/build/CMakeFiles/CMakeTmp

Run Build Command(s):/usr/bin/make cmTC_53b7c/fast && /usr/bin/make  -f CMakeFiles/cmTC_53b7c.dir/build.make CMakeFiles/cmTC_53b7c.dir/build
make[1]: Entering directory '/home/kuanghongliang/Documents/vscode_projects/khl_project/build/CMakeFiles/CMakeTmp'
Building C object CMakeFiles/cmTC_53b7c.dir/CMakeCCompilerABI.c.o
/usr/bin/cc   -v -o CMakeFiles/cmTC_53b7c.dir/CMakeCCompilerABI.c.o -c /usr/local/share/cmake-3.18/Modules/CMakeCCompilerABI.c
Using built-in specs.
COLLECT_GCC=/usr/bin/cc
OFFLOAD_TARGET_NAMES=nvptx-none
OFFLOAD_TARGET_DEFAULT=1
Target: x86_64-linux-gnu
Configured with: ../src/configure -v --with-pkgversion='Ubuntu 7.5.0-6ubuntu2' --with-bugurl=file:///usr/share/doc/gcc-7/README.Bugs --enable-languages=c,ada,c++,go,brig,d,fortran,objc,obj-c++ --prefix=/usr --with-gcc-major-version-only --program-suffix=-7 --program-prefix=x86_64-linux-gnu- --enable-shared --enable-linker-build-id --libexecdir=/usr/lib --without-included-gettext --enable-threads=posix --libdir=/usr/lib --enable-nls --enable-bootstrap --enable-clocale=gnu --enable-libstdcxx-debug --enable-libstdcxx-time=yes --with-default-libstdcxx-abi=new --enable-gnu-unique-object --disable-vtable-verify --enable-libmpx --enable-plugin --enable-default-pie --with-system-zlib --with-target-system-zlib --enable-objc-gc=auto --enable-multiarch --disable-werror --with-arch-32=i686 --with-abi=m64 --with-multilib-list=m32,m64,mx32 --enable-multilib --with-tune=generic --enable-offload-targets=nvptx-none --without-cuda-driver --enable-checking=release --build=x86_64-linux-gnu --host=x86_64-linux-gnu --target=x86_64-linux-gnu
Thread model: posix
gcc version 7.5.0 (Ubuntu 7.5.0-6ubuntu2) 
COLLECT_GCC_OPTIONS='-v' '-o' 'CMakeFiles/cmTC_53b7c.dir/CMakeCCompilerABI.c.o' '-c' '-mtune=generic' '-march=x86-64'
 /usr/lib/gcc/x86_64-linux-gnu/7/cc1 -quiet -v -imultiarch x86_64-linux-gnu /usr/local/share/cmake-3.18/Modules/CMakeCCompilerABI.c -quiet -dumpbase CMakeCCompilerABI.c -mtune=generic -march=x86-64 -auxbase-strip CMakeFiles/cmTC_53b7c.dir/CMakeCCompilerABI.c.o -version -fstack-protector-strong -Wformat -Wformat-security -o /tmp/cc7Tsavq.s
GNU C11 (Ubuntu 7.5.0-6ubuntu2) version 7.5.0 (x86_64-linux-gnu)
	compiled by GNU C version 7.5.0, GMP version 6.2.0, MPFR version 4.0.2, MPC version 1.1.0, isl version isl-0.22.1-GMP

GGC heuristics: --param ggc-min-expand=100 --param ggc-min-heapsize=131072
ignoring nonexistent directory "/usr/local/include/x86_64-linux-gnu"
ignoring nonexistent directory "/usr/lib/gcc/x86_64-linux-gnu/7/include-fixed"
ignoring nonexistent directory "/usr/lib/gcc/x86_64-linux-gnu/7/../../../../x86_64-linux-gnu/include"
#include "..." search starts here:
#include <...> search starts here:
 /usr/lib/gcc/x86_64-linux-gnu/7/include
 /usr/local/include
 /usr/include/x86_64-linux-gnu
 /usr/include
End of search list.
GNU C11 (Ubuntu 7.5.0-6ubuntu2) version 7.5.0 (x86_64-linux-gnu)
	compiled by GNU C version 7.5.0, GMP version 6.2.0, MPFR version 4.0.2, MPC version 1.1.0, isl version isl-0.22.1-GMP

GGC heuristics: --param ggc-min-expand=100 --param ggc-min-heapsize=131072
Compiler executable checksum: 21180b46086dedfd78d30fca0620e7d0
COLLECT_GCC_OPTIONS='-v' '-o' 'CMakeFiles/cmTC_53b7c.dir/CMakeCCompilerABI.c.o' '-c' '-mtune=generic' '-march=x86-64'
 as -v --64 -o CMakeFiles/cmTC_53b7c.dir/CMakeCCompilerABI.c.o /tmp/cc7Tsavq.s
GNU assembler version 2.34 (x86_64-linux-gnu) using BFD version (GNU Binutils for Ubuntu) 2.34
COMPILER_PATH=/usr/lib/gcc/x86_64-linux-gnu/7/:/usr/lib/gcc/x86_64-linux-gnu/7/:/usr/lib/gcc/x86_64-linux-gnu/:/usr/lib/gcc/x86_64-linux-gnu/7/:/usr/lib/gcc/x86_64-linux-gnu/
LIBRARY_PATH=/usr/lib/gcc/x86_64-linux-gnu/7/:/usr/lib/gcc/x86_64-linux-gnu/7/../../../x86_64-linux-gnu/:/usr/lib/gcc/x86_64-linux-gnu/7/../../../../lib/:/lib/x86_64-linux-gnu/:/lib/../lib/:/usr/lib/x86_64-linux-gnu/:/usr/lib/../lib/:/usr/lib/gcc/x86_64-linux-gnu/7/../../../:/lib/:/usr/lib/
COLLECT_GCC_OPTIONS='-v' '-o' 'CMakeFiles/cmTC_53b7c.dir/CMakeCCompilerABI.c.o' '-c' '-mtune=generic' '-march=x86-64'
Linking C executable cmTC_53b7c
/usr/local/bin/cmake -E cmake_link_script CMakeFiles/cmTC_53b7c.dir/link.txt --verbose=1
/usr/bin/cc  -v -rdynamic CMakeFiles/cmTC_53b7c.dir/CMakeCCompilerABI.c.o -o cmTC_53b7c 
Using built-in specs.
COLLECT_GCC=/usr/bin/cc
COLLECT_LTO_WRAPPER=/usr/lib/gcc/x86_64-linux-gnu/7/lto-wrapper
OFFLOAD_TARGET_NAMES=nvptx-none
OFFLOAD_TARGET_DEFAULT=1
Target: x86_64-linux-gnu
Configured with: ../src/configure -v --with-pkgversion='Ubuntu 7.5.0-6ubuntu2' --with-bugurl=file:///usr/share/doc/gcc-7/README.Bugs --enable-languages=c,ada,c++,go,brig,d,fortran,objc,obj-c++ --prefix=/usr --with-gcc-major-version-only --program-suffix=-7 --program-prefix=x86_64-linux-gnu- --enable-shared --enable-linker-build-id --libexecdir=/usr/lib --without-included-gettext --enable-threads=posix --libdir=/usr/lib --enable-nls --enable-bootstrap --enable-clocale=gnu --enable-libstdcxx-debug --enable-libstdcxx-time=yes --with-default-libstdcxx-abi=new --enable-gnu-unique-object --disable-vtable-verify --enable-libmpx --enable-plugin --enable-default-pie --with-system-zlib --with-target-system-zlib --enable-objc-gc=auto --enable-multiarch --disable-werror --with-arch-32=i686 --with-abi=m64 --with-multilib-list=m32,m64,mx32 --enable-multilib --with-tune=generic --enable-offload-targets=nvptx-none --without-cuda-driver --enable-checking=release --build=x86_64-linux-gnu --host=x86_64-linux-gnu --target=x86_64-linux-gnu
Thread model: posix
gcc version 7.5.0 (Ubuntu 7.5.0-6ubuntu2) 
COMPILER_PATH=/usr/lib/gcc/x86_64-linux-gnu/7/:/usr/lib/gcc/x86_64-linux-gnu/7/:/usr/lib/gcc/x86_64-linux-gnu/:/usr/lib/gcc/x86_64-linux-gnu/7/:/usr/lib/gcc/x86_64-linux-gnu/
LIBRARY_PATH=/usr/lib/gcc/x86_64-linux-gnu/7/:/usr/lib/gcc/x86_64-linux-gnu/7/../../../x86_64-linux-gnu/:/usr/lib/gcc/x86_64-linux-gnu/7/../../../../lib/:/lib/x86_64-linux-gnu/:/lib/../lib/:/usr/lib/x86_64-linux-gnu/:/usr/lib/../lib/:/usr/lib/gcc/x86_64-linux-gnu/7/../../../:/lib/:/usr/lib/
COLLECT_GCC_OPTIONS='-v' '-rdynamic' '-o' 'cmTC_53b7c' '-mtune=generic' '-march=x86-64'
 /usr/lib/gcc/x86_64-linux-gnu/7/collect2 -plugin /usr/lib/gcc/x86_64-linux-gnu/7/liblto_plugin.so -plugin-opt=/usr/lib/gcc/x86_64-linux-gnu/7/lto-wrapper -plugin-opt=-fresolution=/tmp/cc0rkGCT.res -plugin-opt=-pass-through=-lgcc -plugin-opt=-pass-through=-lgcc_s -plugin-opt=-pass-through=-lc -plugin-opt=-pass-through=-lgcc -plugin-opt=-pass-through=-lgcc_s --build-id --eh-frame-hdr -m elf_x86_64 --hash-style=gnu --as-needed -export-dynamic -dynamic-linker /lib64/ld-linux-x86-64.so.2 -pie -z now -z relro -o cmTC_53b7c /usr/lib/gcc/x86_64-linux-gnu/7/../../../x86_64-linux-gnu/Scrt1.o /usr/lib/gcc/x86_64-linux-gnu/7/../../../x86_64-linux-gnu/crti.o /usr/lib/gcc/x86_64-linux-gnu/7/crtbeginS.o -L/usr/lib/gcc/x86_64-linux-gnu/7 -L/usr/lib/gcc/x86_64-linux-gnu/7/../../../x86_64-linux-gnu -L/usr/lib/gcc/x86_64-linux-gnu/7/../../../../lib -L/lib/x86_64-linux-gnu -L/lib/../lib -L/usr/lib/x86_64-linux-gnu -L/usr/lib/../lib -L/usr/lib/gcc/x86_64-linux-gnu/7/../../.. CMakeFiles/cmTC_53b7c.dir/CMakeCCompilerABI.c.o -lgcc --push-state --as-needed -lgcc_s --pop-state -lc -lgcc --push-state --as-needed -lgcc_s --pop-state /usr/lib/gcc/x86_64-linux-gnu/7/crtendS.o /usr/lib/gcc/x86_64-linux-gnu/7/../../../x86_64-linux-gnu/crtn.o
COLLECT_GCC_OPTIONS='-v' '-rdynamic' '-o' 'cmTC_53b7c' '-mtune=generic' '-march=x86-64'
make[1]: Leaving directory '/home/kuanghongliang/Documents/vscode_projects/khl_project/build/CMakeFiles/CMakeTmp'



Parsed C implicit include dir info from above output: rv=done
  found start of include info
  found start of implicit include info
    add: [/usr/lib/gcc/x86_64-linux-gnu/7/include]
    add: [/usr/local/include]
    add: [/usr/include/x86_64-linux-gnu]
    add: [/usr/include]
  end of search list found
  collapse include dir [/usr/lib/gcc/x86_64-linux-gnu/7/include] ==> [/usr/lib/gcc/x86_64-linux-gnu/7/include]
  collapse include dir [/usr/local/include] ==> [/usr/local/include]
  collapse include dir [/usr/include/x86_64-linux-gnu] ==> [/usr/include/x86_64-linux-gnu]
  collapse include dir [/usr/include] ==> [/usr/include]
  implicit include dirs: [/usr/lib/gcc/x86_64-linux-gnu/7/include;/usr/local/include;/usr/include/x86_64-linux-gnu;/usr/include]


Parsed C implicit link information from above output:
  link line regex: [^( *|.*[/\])(ld|CMAKE_LINK_STARTFILE-NOTFOUND|([^/\]+-)?ld|collect2)[^/\]*( |$)]
  ignore line: [Change Dir: /home/kuanghongliang/Documents/vscode_projects/khl_project/build/CMakeFiles/CMakeTmp]
  ignore line: []
  ignore line: [Run Build Command(s):/usr/bin/make cmTC_53b7c/fast && /usr/bin/make  -f CMakeFiles/cmTC_53b7c.dir/build.make CMakeFiles/cmTC_53b7c.dir/build]
  ignore line: [make[1]: Entering directory '/home/kuanghongliang/Documents/vscode_projects/khl_project/build/CMakeFiles/CMakeTmp']
  ignore line: [Building C object CMakeFiles/cmTC_53b7c.dir/CMakeCCompilerABI.c.o]
  ignore line: [/usr/bin/cc   -v -o CMakeFiles/cmTC_53b7c.dir/CMakeCCompilerABI.c.o -c /usr/local/share/cmake-3.18/Modules/CMakeCCompilerABI.c]
  ignore line: [Using built-in specs.]
  ignore line: [COLLECT_GCC=/usr/bin/cc]
  ignore line: [OFFLOAD_TARGET_NAMES=nvptx-none]
  ignore line: [OFFLOAD_TARGET_DEFAULT=1]
  ignore line: [Target: x86_64-linux-gnu]
  ignore line: [Configured with: ../src/configure -v --with-pkgversion='Ubuntu 7.5.0-6ubuntu2' --with-bugurl=file:///usr/share/doc/gcc-7/README.Bugs --enable-languages=c ada c++ go brig d fortran objc obj-c++ --prefix=/usr --with-gcc-major-version-only --program-suffix=-7 --program-prefix=x86_64-linux-gnu- --enable-shared --enable-linker-build-id --libexecdir=/usr/lib --without-included-gettext --enable-threads=posix --libdir=/usr/lib --enable-nls --enable-bootstrap --enable-clocale=gnu --enable-libstdcxx-debug --enable-libstdcxx-time=yes --with-default-libstdcxx-abi=new --enable-gnu-unique-object --disable-vtable-verify --enable-libmpx --enable-plugin --enable-default-pie --with-system-zlib --with-target-system-zlib --enable-objc-gc=auto --enable-multiarch --disable-werror --with-arch-32=i686 --with-abi=m64 --with-multilib-list=m32 m64 mx32 --enable-multilib --with-tune=generic --enable-offload-targets=nvptx-none --without-cuda-driver --enable-checking=release --build=x86_64-linux-gnu --host=x86_64-linux-gnu --target=x86_64-linux-gnu]
  ignore line: [Thread model: posix]
  ignore line: [gcc version 7.5.0 (Ubuntu 7.5.0-6ubuntu2) ]
  ignore line: [COLLECT_GCC_OPTIONS='-v' '-o' 'CMakeFiles/cmTC_53b7c.dir/CMakeCCompilerABI.c.o' '-c' '-mtune=generic' '-march=x86-64']
  ignore line: [ /usr/lib/gcc/x86_64-linux-gnu/7/cc1 -quiet -v -imultiarch x86_64-linux-gnu /usr/local/share/cmake-3.18/Modules/CMakeCCompilerABI.c -quiet -dumpbase CMakeCCompilerABI.c -mtune=generic -march=x86-64 -auxbase-strip CMakeFiles/cmTC_53b7c.dir/CMakeCCompilerABI.c.o -version -fstack-protector-strong -Wformat -Wformat-security -o /tmp/cc7Tsavq.s]
  ignore line: [GNU C11 (Ubuntu 7.5.0-6ubuntu2) version 7.5.0 (x86_64-linux-gnu)]
  ignore line: [	compiled by GNU C version 7.5.0  GMP version 6.2.0  MPFR version 4.0.2  MPC version 1.1.0  isl version isl-0.22.1-GMP]
  ignore line: []
  ignore line: [GGC heuristics: --param ggc-min-expand=100 --param ggc-min-heapsize=131072]
  ignore line: [ignoring nonexistent directory "/usr/local/include/x86_64-linux-gnu"]
  ignore line: [ignoring nonexistent directory "/usr/lib/gcc/x86_64-linux-gnu/7/include-fixed"]
  ignore line: [ignoring nonexistent directory "/usr/lib/gcc/x86_64-linux-gnu/7/../../../../x86_64-linux-gnu/include"]
  ignore line: [#include "..." search starts here:]
  ignore line: [#include <...> search starts here:]
  ignore line: [ /usr/lib/gcc/x86_64-linux-gnu/7/include]
  ignore line: [ /usr/local/include]
  ignore line: [ /usr/include/x86_64-linux-gnu]
  ignore line: [ /usr/include]
  ignore line: [End of search list.]
  ignore line: [GNU C11 (Ubuntu 7.5.0-6ubuntu2) version 7.5.0 (x86_64-linux-gnu)]
  ignore line: [	compiled by GNU C version 7.5.0  GMP version 6.2.0  MPFR version 4.0.2  MPC version 1.1.0  isl version isl-0.22.1-GMP]
  ignore line: []
  ignore line: [GGC heuristics: --param ggc-min-expand=100 --param ggc-min-heapsize=131072]
  ignore line: [Compiler executable checksum: 21180b46086dedfd78d30fca0620e7d0]
  ignore line: [COLLECT_GCC_OPTIONS='-v' '-o' 'CMakeFiles/cmTC_53b7c.dir/CMakeCCompilerABI.c.o' '-c' '-mtune=generic' '-march=x86-64']
  ignore line: [ as -v --64 -o CMakeFiles/cmTC_53b7c.dir/CMakeCCompilerABI.c.o /tmp/cc7Tsavq.s]
  ignore line: [GNU assembler version 2.34 (x86_64-linux-gnu) using BFD version (GNU Binutils for Ubuntu) 2.34]
  ignore line: [COMPILER_PATH=/usr/lib/gcc/x86_64-linux-gnu/7/:/usr/lib/gcc/x86_64-linux-gnu/7/:/usr/lib/gcc/x86_64-linux-gnu/:/usr/lib/gcc/x86_64-linux-gnu/7/:/usr/lib/gcc/x86_64-linux-gnu/]
  ignore line: [LIBRARY_PATH=/usr/lib/gcc/x86_64-linux-gnu/7/:/usr/lib/gcc/x86_64-linux-gnu/7/../../../x86_64-linux-gnu/:/usr/lib/gcc/x86_64-linux-gnu/7/../../../../lib/:/lib/x86_64-linux-gnu/:/lib/../lib/:/usr/lib/x86_64-linux-gnu/:/usr/lib/../lib/:/usr/lib/gcc/x86_64-linux-gnu/7/../../../:/lib/:/usr/lib/]
  ignore line: [COLLECT_GCC_OPTIONS='-v' '-o' 'CMakeFiles/cmTC_53b7c.dir/CMakeCCompilerABI.c.o' '-c' '-mtune=generic' '-march=x86-64']
  ignore line: [Linking C executable cmTC_53b7c]
  ignore line: [/usr/local/bin/cmake -E cmake_link_script CMakeFiles/cmTC_53b7c.dir/link.txt --verbose=1]
  ignore line: [/usr/bin/cc  -v -rdynamic CMakeFiles/cmTC_53b7c.dir/CMakeCCompilerABI.c.o -o cmTC_53b7c ]
  ignore line: [Using built-in specs.]
  ignore line: [COLLECT_GCC=/usr/bin/cc]
  ignore line: [COLLECT_LTO_WRAPPER=/usr/lib/gcc/x86_64-linux-gnu/7/lto-wrapper]
  ignore line: [OFFLOAD_TARGET_NAMES=nvptx-none]
  ignore line: [OFFLOAD_TARGET_DEFAULT=1]
  ignore line: [Target: x86_64-linux-gnu]
  ignore line: [Configured with: ../src/configure -v --with-pkgversion='Ubuntu 7.5.0-6ubuntu2' --with-bugurl=file:///usr/share/doc/gcc-7/README.Bugs --enable-languages=c ada c++ go brig d fortran objc obj-c++ --prefix=/usr --with-gcc-major-version-only --program-suffix=-7 --program-prefix=x86_64-linux-gnu- --enable-shared --enable-linker-build-id --libexecdir=/usr/lib --without-included-gettext --enable-threads=posix --libdir=/usr/lib --enable-nls --enable-bootstrap --enable-clocale=gnu --enable-libstdcxx-debug --enable-libstdcxx-time=yes --with-default-libstdcxx-abi=new --enable-gnu-unique-object --disable-vtable-verify --enable-libmpx --enable-plugin --enable-default-pie --with-system-zlib --with-target-system-zlib --enable-objc-gc=auto --enable-multiarch --disable-werror --with-arch-32=i686 --with-abi=m64 --with-multilib-list=m32 m64 mx32 --enable-multilib --with-tune=generic --enable-offload-targets=nvptx-none --without-cuda-driver --enable-checking=release --build=x86_64-linux-gnu --host=x86_64-linux-gnu --target=x86_64-linux-gnu]
  ignore line: [Thread model: posix]
  ignore line: [gcc version 7.5.0 (Ubuntu 7.5.0-6ubuntu2) ]
  ignore line: [COMPILER_PATH=/usr/lib/gcc/x86_64-linux-gnu/7/:/usr/lib/gcc/x86_64-linux-gnu/7/:/usr/lib/gcc/x86_64-linux-gnu/:/usr/lib/gcc/x86_64-linux-gnu/7/:/usr/lib/gcc/x86_64-linux-gnu/]
  ignore line: [LIBRARY_PATH=/usr/lib/gcc/x86_64-linux-gnu/7/:/usr/lib/gcc/x86_64-linux-gnu/7/../../../x86_64-linux-gnu/:/usr/lib/gcc/x86_64-linux-gnu/7/../../../../lib/:/lib/x86_64-linux-gnu/:/lib/../lib/:/usr/lib/x86_64-linux-gnu/:/usr/lib/../lib/:/usr/lib/gcc/x86_64-linux-gnu/7/../../../:/lib/:/usr/lib/]
  ignore line: [COLLECT_GCC_OPTIONS='-v' '-rdynamic' '-o' 'cmTC_53b7c' '-mtune=generic' '-march=x86-64']
  link line: [ /usr/lib/gcc/x86_64-linux-gnu/7/collect2 -plugin /usr/lib/gcc/x86_64-linux-gnu/7/liblto_plugin.so -plugin-opt=/usr/lib/gcc/x86_64-linux-gnu/7/lto-wrapper -plugin-opt=-fresolution=/tmp/cc0rkGCT.res -plugin-opt=-pass-through=-lgcc -plugin-opt=-pass-through=-lgcc_s -plugin-opt=-pass-through=-lc -plugin-opt=-pass-through=-lgcc -plugin-opt=-pass-through=-lgcc_s --build-id --eh-frame-hdr -m elf_x86_64 --hash-style=gnu --as-needed -export-dynamic -dynamic-linker /lib64/ld-linux-x86-64.so.2 -pie -z now -z relro -o cmTC_53b7c /usr/lib/gcc/x86_64-linux-gnu/7/../../../x86_64-linux-gnu/Scrt1.o /usr/lib/gcc/x86_64-linux-gnu/7/../../../x86_64-linux-gnu/crti.o /usr/lib/gcc/x86_64-linux-gnu/7/crtbeginS.o -L/usr/lib/gcc/x86_64-linux-gnu/7 -L/usr/lib/gcc/x86_64-linux-gnu/7/../../../x86_64-linux-gnu -L/usr/lib/gcc/x86_64-linux-gnu/7/../../../../lib -L/lib/x86_64-linux-gnu -L/lib/../lib -L/usr/lib/x86_64-linux-gnu -L/usr/lib/../lib -L/usr/lib/gcc/x86_64-linux-gnu/7/../../.. CMakeFiles/cmTC_53b7c.dir/CMakeCCompilerABI.c.o -lgcc --push-state --as-needed -lgcc_s --pop-state -lc -lgcc --push-state --as-needed -lgcc_s --pop-state /usr/lib/gcc/x86_64-linux-gnu/7/crtendS.o /usr/lib/gcc/x86_64-linux-gnu/7/../../../x86_64-linux-gnu/crtn.o]
    arg [/usr/lib/gcc/x86_64-linux-gnu/7/collect2] ==> ignore
    arg [-plugin] ==> ignore
    arg [/usr/lib/gcc/x86_64-linux-gnu/7/liblto_plugin.so] ==> ignore
    arg [-plugin-opt=/usr/lib/gcc/x86_64-linux-gnu/7/lto-wrapper] ==> ignore
    arg [-plugin-opt=-fresolution=/tmp/cc0rkGCT.res] ==> ignore
    arg [-plugin-opt=-pass-through=-lgcc] ==> ignore
    arg [-plugin-opt=-pass-through=-lgcc_s] ==> ignore
    arg [-plugin-opt=-pass-through=-lc] ==> ignore
    arg [-plugin-opt=-pass-through=-lgcc] ==> ignore
    arg [-plugin-opt=-pass-through=-lgcc_s] ==> ignore
    arg [--build-id] ==> ignore
    arg [--eh-frame-hdr] ==> ignore
    arg [-m] ==> ignore
    arg [elf_x86_64] ==> ignore
    arg [--hash-style=gnu] ==> ignore
    arg [--as-needed] ==> ignore
    arg [-export-dynamic] ==> ignore
    arg [-dynamic-linker] ==> ignore
    arg [/lib64/ld-linux-x86-64.so.2] ==> ignore
    arg [-pie] ==> ignore
    arg [-znow] ==> ignore
    arg [-zrelro] ==> ignore
    arg [-o] ==> ignore
    arg [cmTC_53b7c] ==> ignore
    arg [/usr/lib/gcc/x86_64-linux-gnu/7/../../../x86_64-linux-gnu/Scrt1.o] ==> ignore
    arg [/usr/lib/gcc/x86_64-linux-gnu/7/../../../x86_64-linux-gnu/crti.o] ==> ignore
    arg [/usr/lib/gcc/x86_64-linux-gnu/7/crtbeginS.o] ==> ignore
    arg [-L/usr/lib/gcc/x86_64-linux-gnu/7] ==> dir [/usr/lib/gcc/x86_64-linux-gnu/7]
    arg [-L/usr/lib/gcc/x86_64-linux-gnu/7/../../../x86_64-linux-gnu] ==> dir [/usr/lib/gcc/x86_64-linux-gnu/7/../../../x86_64-linux-gnu]
    arg [-L/usr/lib/gcc/x86_64-linux-gnu/7/../../../../lib] ==> dir [/usr/lib/gcc/x86_64-linux-gnu/7/../../../../lib]
    arg [-L/lib/x86_64-linux-gnu] ==> dir [/lib/x86_64-linux-gnu]
    arg [-L/lib/../lib] ==> dir [/lib/../lib]
    arg [-L/usr/lib/x86_64-linux-gnu] ==> dir [/usr/lib/x86_64-linux-gnu]
    arg [-L/usr/lib/../lib] ==> dir [/usr/lib/../lib]
    arg [-L/usr/lib/gcc/x86_64-linux-gnu/7/../../..] ==> dir [/usr/lib/gcc/x86_64-linux-gnu/7/../../..]
    arg [CMakeFiles/cmTC_53b7c.dir/CMakeCCompilerABI.c.o] ==> ignore
    arg [-lgcc] ==> lib [gcc]
    arg [--push-state] ==> ignore
    arg [--as-needed] ==> ignore
    arg [-lgcc_s] ==> lib [gcc_s]
    arg [--pop-state] ==> ignore
    arg [-lc] ==> lib [c]
    arg [-lgcc] ==> lib [gcc]
    arg [--push-state] ==> ignore
    arg [--as-needed] ==> ignore
    arg [-lgcc_s] ==> lib [gcc_s]
    arg [--pop-state] ==> ignore
    arg [/usr/lib/gcc/x86_64-linux-gnu/7/crtendS.o] ==> ignore
    arg [/usr/lib/gcc/x86_64-linux-gnu/7/../../../x86_64-linux-gnu/crtn.o] ==> ignore
  collapse library dir [/usr/lib/gcc/x86_64-linux-gnu/7] ==> [/usr/lib/gcc/x86_64-linux-gnu/7]
  collapse library dir [/usr/lib/gcc/x86_64-linux-gnu/7/../../../x86_64-linux-gnu] ==> [/usr/lib/x86_64-linux-gnu]
  collapse library dir [/usr/lib/gcc/x86_64-linux-gnu/7/../../../../lib] ==> [/usr/lib]
  collapse library dir [/lib/x86_64-linux-gnu] ==> [/lib/x86_64-linux-gnu]
  collapse library dir [/lib/../lib] ==> [/lib]
  collapse library dir [/usr/lib/x86_64-linux-gnu] ==> [/usr/lib/x86_64-linux-gnu]
  collapse library dir [/usr/lib/../lib] ==> [/usr/lib]
  collapse library dir [/usr/lib/gcc/x86_64-linux-gnu/7/../../..] ==> [/usr/lib]
  implicit libs: [gcc;gcc_s;c;gcc;gcc_s]
  implicit dirs: [/usr/lib/gcc/x86_64-linux-gnu/7;/usr/lib/x86_64-linux-gnu;/usr/lib;/lib/x86_64-linux-gnu;/lib]
  implicit fwks: []


Detecting CXX compiler ABI info compiled with the following output:
Change Dir: /home/kuanghongliang/Documents/vscode_projects/khl_project/build/CMakeFiles/CMakeTmp

Run Build Command(s):/usr/bin/make cmTC_333c6/fast && /usr/bin/make  -f CMakeFiles/cmTC_333c6.dir/build.make CMakeFiles/cmTC_333c6.dir/build
make[1]: Entering directory '/home/kuanghongliang/Documents/vscode_projects/khl_project/build/CMakeFiles/CMakeTmp'
Building CXX object CMakeFiles/cmTC_333c6.dir/CMakeCXXCompilerABI.cpp.o
/usr/bin/c++   -v -o CMakeFiles/cmTC_333c6.dir/CMakeCXXCompilerABI.cpp.o -c /usr/local/share/cmake-3.18/Modules/CMakeCXXCompilerABI.cpp
Using built-in specs.
COLLECT_GCC=/usr/bin/c++
OFFLOAD_TARGET_NAMES=nvptx-none
OFFLOAD_TARGET_DEFAULT=1
Target: x86_64-linux-gnu
Configured with: ../src/configure -v --with-pkgversion='Ubuntu 7.5.0-6ubuntu2' --with-bugurl=file:///usr/share/doc/gcc-7/README.Bugs --enable-languages=c,ada,c++,go,brig,d,fortran,objc,obj-c++ --prefix=/usr --with-gcc-major-version-only --program-suffix=-7 --program-prefix=x86_64-linux-gnu- --enable-shared --enable-linker-build-id --libexecdir=/usr/lib --without-included-gettext --enable-threads=posix --libdir=/usr/lib --enable-nls --enable-bootstrap --enable-clocale=gnu --enable-libstdcxx-debug --enable-libstdcxx-time=yes --with-default-libstdcxx-abi=new --enable-gnu-unique-object --disable-vtable-verify --enable-libmpx --enable-plugin --enable-default-pie --with-system-zlib --with-target-system-zlib --enable-objc-gc=auto --enable-multiarch --disable-werror --with-arch-32=i686 --with-abi=m64 --with-multilib-list=m32,m64,mx32 --enable-multilib --with-tune=generic --enable-offload-targets=nvptx-none --without-cuda-driver --enable-checking=release --build=x86_64-linux-gnu --host=x86_64-linux-gnu --target=x86_64-linux-gnu
Thread model: posix
gcc version 7.5.0 (Ubuntu 7.5.0-6ubuntu2) 
COLLECT_GCC_OPTIONS='-v' '-o' 'CMakeFiles/cmTC_333c6.dir/CMakeCXXCompilerABI.cpp.o' '-c' '-shared-libgcc' '-mtune=generic' '-march=x86-64'
 /usr/lib/gcc/x86_64-linux-gnu/7/cc1plus -quiet -v -imultiarch x86_64-linux-gnu -D_GNU_SOURCE /usr/local/share/cmake-3.18/Modules/CMakeCXXCompilerABI.cpp -quiet -dumpbase CMakeCXXCompilerABI.cpp -mtune=generic -march=x86-64 -auxbase-strip CMakeFiles/cmTC_333c6.dir/CMakeCXXCompilerABI.cpp.o -version -fstack-protector-strong -Wformat -Wformat-security -o /tmp/cckoIDEp.s
GNU C++14 (Ubuntu 7.5.0-6ubuntu2) version 7.5.0 (x86_64-linux-gnu)
	compiled by GNU C version 7.5.0, GMP version 6.2.0, MPFR version 4.0.2, MPC version 1.1.0, isl version isl-0.22.1-GMP

GGC heuristics: --param ggc-min-expand=100 --param ggc-min-heapsize=131072
ignoring duplicate directory "/usr/include/x86_64-linux-gnu/c++/7"
ignoring nonexistent directory "/usr/local/include/x86_64-linux-gnu"
ignoring nonexistent directory "/usr/lib/gcc/x86_64-linux-gnu/7/include-fixed"
ignoring nonexistent directory "/usr/lib/gcc/x86_64-linux-gnu/7/../../../../x86_64-linux-gnu/include"
#include "..." search starts here:
#include <...> search starts here:
 /usr/include/c++/7
 /usr/include/x86_64-linux-gnu/c++/7
 /usr/include/c++/7/backward
 /usr/lib/gcc/x86_64-linux-gnu/7/include
 /usr/local/include
 /usr/include/x86_64-linux-gnu
 /usr/include
End of search list.
GNU C++14 (Ubuntu 7.5.0-6ubuntu2) version 7.5.0 (x86_64-linux-gnu)
	compiled by GNU C version 7.5.0, GMP version 6.2.0, MPFR version 4.0.2, MPC version 1.1.0, isl version isl-0.22.1-GMP

GGC heuristics: --param ggc-min-expand=100 --param ggc-min-heapsize=131072
Compiler executable checksum: 7ae1d509dd7f85612b2d6bc18654d3f5
COLLECT_GCC_OPTIONS='-v' '-o' 'CMakeFiles/cmTC_333c6.dir/CMakeCXXCompilerABI.cpp.o' '-c' '-shared-libgcc' '-mtune=generic' '-march=x86-64'
 as -v --64 -o CMakeFiles/cmTC_333c6.dir/CMakeCXXCompilerABI.cpp.o /tmp/cckoIDEp.s
GNU assembler version 2.34 (x86_64-linux-gnu) using BFD version (GNU Binutils for Ubuntu) 2.34
COMPILER_PATH=/usr/lib/gcc/x86_64-linux-gnu/7/:/usr/lib/gcc/x86_64-linux-gnu/7/:/usr/lib/gcc/x86_64-linux-gnu/:/usr/lib/gcc/x86_64-linux-gnu/7/:/usr/lib/gcc/x86_64-linux-gnu/
LIBRARY_PATH=/usr/lib/gcc/x86_64-linux-gnu/7/:/usr/lib/gcc/x86_64-linux-gnu/7/../../../x86_64-linux-gnu/:/usr/lib/gcc/x86_64-linux-gnu/7/../../../../lib/:/lib/x86_64-linux-gnu/:/lib/../lib/:/usr/lib/x86_64-linux-gnu/:/usr/lib/../lib/:/usr/lib/gcc/x86_64-linux-gnu/7/../../../:/lib/:/usr/lib/
COLLECT_GCC_OPTIONS='-v' '-o' 'CMakeFiles/cmTC_333c6.dir/CMakeCXXCompilerABI.cpp.o' '-c' '-shared-libgcc' '-mtune=generic' '-march=x86-64'
Linking CXX executable cmTC_333c6
/usr/local/bin/cmake -E cmake_link_script CMakeFiles/cmTC_333c6.dir/link.txt --verbose=1
/usr/bin/c++  -v -rdynamic CMakeFiles/cmTC_333c6.dir/CMakeCXXCompilerABI.cpp.o -o cmTC_333c6 
Using built-in specs.
COLLECT_GCC=/usr/bin/c++
COLLECT_LTO_WRAPPER=/usr/lib/gcc/x86_64-linux-gnu/7/lto-wrapper
OFFLOAD_TARGET_NAMES=nvptx-none
OFFLOAD_TARGET_DEFAULT=1
Target: x86_64-linux-gnu
Configured with: ../src/configure -v --with-pkgversion='Ubuntu 7.5.0-6ubuntu2' --with-bugurl=file:///usr/share/doc/gcc-7/README.Bugs --enable-languages=c,ada,c++,go,brig,d,fortran,objc,obj-c++ --prefix=/usr --with-gcc-major-version-only --program-suffix=-7 --program-prefix=x86_64-linux-gnu- --enable-shared --enable-linker-build-id --libexecdir=/usr/lib --without-included-gettext --enable-threads=posix --libdir=/usr/lib --enable-nls --enable-bootstrap --enable-clocale=gnu --enable-libstdcxx-debug --enable-libstdcxx-time=yes --with-default-libstdcxx-abi=new --enable-gnu-unique-object --disable-vtable-verify --enable-libmpx --enable-plugin --enable-default-pie --with-system-zlib --with-target-system-zlib --enable-objc-gc=auto --enable-multiarch --disable-werror --with-arch-32=i686 --with-abi=m64 --with-multilib-list=m32,m64,mx32 --enable-multilib --with-tune=generic --enable-offload-targets=nvptx-none --without-cuda-driver --enable-checking=release --build=x86_64-linux-gnu --host=x86_64-linux-gnu --target=x86_64-linux-gnu
Thread model: posix
gcc version 7.5.0 (Ubuntu 7.5.0-6ubuntu2) 
COMPILER_PATH=/usr/lib/gcc/x86_64-linux-gnu/7/:/usr/lib/gcc/x86_64-linux-gnu/7/:/usr/lib/gcc/x86_64-linux-gnu/:/usr/lib/gcc/x86_64-linux-gnu/7/:/usr/lib/gcc/x86_64-linux-gnu/
LIBRARY_PATH=/usr/lib/gcc/x86_64-linux-gnu/7/:/usr/lib/gcc/x86_64-linux-gnu/7/../../../x86_64-linux-gnu/:/usr/lib/gcc/x86_64-linux-gnu/7/../../../../lib/:/lib/x86_64-linux-gnu/:/lib/../lib/:/usr/lib/x86_64-linux-gnu/:/usr/lib/../lib/:/usr/lib/gcc/x86_64-linux-gnu/7/../../../:/lib/:/usr/lib/
COLLECT_GCC_OPTIONS='-v' '-rdynamic' '-o' 'cmTC_333c6' '-shared-libgcc' '-mtune=generic' '-march=x86-64'
 /usr/lib/gcc/x86_64-linux-gnu/7/collect2 -plugin /usr/lib/gcc/x86_64-linux-gnu/7/liblto_plugin.so -plugin-opt=/usr/lib/gcc/x86_64-linux-gnu/7/lto-wrapper -plugin-opt=-fresolution=/tmp/ccY6Oa3T.res -plugin-opt=-pass-through=-lgcc_s -plugin-opt=-pass-through=-lgcc -plugin-opt=-pass-through=-lc -plugin-opt=-pass-through=-lgcc_s -plugin-opt=-pass-through=-lgcc --build-id --eh-frame-hdr -m elf_x86_64 --hash-style=gnu --as-needed -export-dynamic -dynamic-linker /lib64/ld-linux-x86-64.so.2 -pie -z now -z relro -o cmTC_333c6 /usr/lib/gcc/x86_64-linux-gnu/7/../../../x86_64-linux-gnu/Scrt1.o /usr/lib/gcc/x86_64-linux-gnu/7/../../../x86_64-linux-gnu/crti.o /usr/lib/gcc/x86_64-linux-gnu/7/crtbeginS.o -L/usr/lib/gcc/x86_64-linux-gnu/7 -L/usr/lib/gcc/x86_64-linux-gnu/7/../../../x86_64-linux-gnu -L/usr/lib/gcc/x86_64-linux-gnu/7/../../../../lib -L/lib/x86_64-linux-gnu -L/lib/../lib -L/usr/lib/x86_64-linux-gnu -L/usr/lib/../lib -L/usr/lib/gcc/x86_64-linux-gnu/7/../../.. CMakeFiles/cmTC_333c6.dir/CMakeCXXCompilerABI.cpp.o -lstdc++ -lm -lgcc_s -lgcc -lc -lgcc_s -lgcc /usr/lib/gcc/x86_64-linux-gnu/7/crtendS.o /usr/lib/gcc/x86_64-linux-gnu/7/../../../x86_64-linux-gnu/crtn.o
COLLECT_GCC_OPTIONS='-v' '-rdynamic' '-o' 'cmTC_333c6' '-shared-libgcc' '-mtune=generic' '-march=x86-64'
make[1]: Leaving directory '/home/kuanghongliang/Documents/vscode_projects/khl_project/build/CMakeFiles/CMakeTmp'



Parsed CXX implicit include dir info from above output: rv=done
  found start of include info
  found start of implicit include info
    add: [/usr/include/c++/7]
    add: [/usr/include/x86_64-linux-gnu/c++/7]
    add: [/usr/include/c++/7/backward]
    add: [/usr/lib/gcc/x86_64-linux-gnu/7/include]
    add: [/usr/local/include]
    add: [/usr/include/x86_64-linux-gnu]
    add: [/usr/include]
  end of search list found
  collapse include dir [/usr/include/c++/7] ==> [/usr/include/c++/7]
  collapse include dir [/usr/include/x86_64-linux-gnu/c++/7] ==> [/usr/include/x86_64-linux-gnu/c++/7]
  collapse include dir [/usr/include/c++/7/backward] ==> [/usr/include/c++/7/backward]
  collapse include dir [/usr/lib/gcc/x86_64-linux-gnu/7/include] ==> [/usr/lib/gcc/x86_64-linux-gnu/7/include]
  collapse include dir [/usr/local/include] ==> [/usr/local/include]
  collapse include dir [/usr/include/x86_64-linux-gnu] ==> [/usr/include/x86_64-linux-gnu]
  collapse include dir [/usr/include] ==> [/usr/include]
  implicit include dirs: [/usr/include/c++/7;/usr/include/x86_64-linux-gnu/c++/7;/usr/include/c++/7/backward;/usr/lib/gcc/x86_64-linux-gnu/7/include;/usr/local/include;/usr/include/x86_64-linux-gnu;/usr/include]


Parsed CXX implicit link information from above output:
  link line regex: [^( *|.*[/\])(ld|CMAKE_LINK_STARTFILE-NOTFOUND|([^/\]+-)?ld|collect2)[^/\]*( |$)]
  ignore line: [Change Dir: /home/kuanghongliang/Documents/vscode_projects/khl_project/build/CMakeFiles/CMakeTmp]
  ignore line: []
  ignore line: [Run Build Command(s):/usr/bin/make cmTC_333c6/fast && /usr/bin/make  -f CMakeFiles/cmTC_333c6.dir/build.make CMakeFiles/cmTC_333c6.dir/build]
  ignore line: [make[1]: Entering directory '/home/kuanghongliang/Documents/vscode_projects/khl_project/build/CMakeFiles/CMakeTmp']
  ignore line: [Building CXX object CMakeFiles/cmTC_333c6.dir/CMakeCXXCompilerABI.cpp.o]
  ignore line: [/usr/bin/c++   -v -o CMakeFiles/cmTC_333c6.dir/CMakeCXXCompilerABI.cpp.o -c /usr/local/share/cmake-3.18/Modules/CMakeCXXCompilerABI.cpp]
  ignore line: [Using built-in specs.]
  ignore line: [COLLECT_GCC=/usr/bin/c++]
  ignore line: [OFFLOAD_TARGET_NAMES=nvptx-none]
  ignore line: [OFFLOAD_TARGET_DEFAULT=1]
  ignore line: [Target: x86_64-linux-gnu]
  ignore line: [Configured with: ../src/configure -v --with-pkgversion='Ubuntu 7.5.0-6ubuntu2' --with-bugurl=file:///usr/share/doc/gcc-7/README.Bugs --enable-languages=c ada c++ go brig d fortran objc obj-c++ --prefix=/usr --with-gcc-major-version-only --program-suffix=-7 --program-prefix=x86_64-linux-gnu- --enable-shared --enable-linker-build-id --libexecdir=/usr/lib --without-included-gettext --enable-threads=posix --libdir=/usr/lib --enable-nls --enable-bootstrap --enable-clocale=gnu --enable-libstdcxx-debug --enable-libstdcxx-time=yes --with-default-libstdcxx-abi=new --enable-gnu-unique-object --disable-vtable-verify --enable-libmpx --enable-plugin --enable-default-pie --with-system-zlib --with-target-system-zlib --enable-objc-gc=auto --enable-multiarch --disable-werror --with-arch-32=i686 --with-abi=m64 --with-multilib-list=m32 m64 mx32 --enable-multilib --with-tune=generic --enable-offload-targets=nvptx-none --without-cuda-driver --enable-checking=release --build=x86_64-linux-gnu --host=x86_64-linux-gnu --target=x86_64-linux-gnu]
  ignore line: [Thread model: posix]
  ignore line: [gcc version 7.5.0 (Ubuntu 7.5.0-6ubuntu2) ]
  ignore line: [COLLECT_GCC_OPTIONS='-v' '-o' 'CMakeFiles/cmTC_333c6.dir/CMakeCXXCompilerABI.cpp.o' '-c' '-shared-libgcc' '-mtune=generic' '-march=x86-64']
  ignore line: [ /usr/lib/gcc/x86_64-linux-gnu/7/cc1plus -quiet -v -imultiarch x86_64-linux-gnu -D_GNU_SOURCE /usr/local/share/cmake-3.18/Modules/CMakeCXXCompilerABI.cpp -quiet -dumpbase CMakeCXXCompilerABI.cpp -mtune=generic -march=x86-64 -auxbase-strip CMakeFiles/cmTC_333c6.dir/CMakeCXXCompilerABI.cpp.o -version -fstack-protector-strong -Wformat -Wformat-security -o /tmp/cckoIDEp.s]
  ignore line: [GNU C++14 (Ubuntu 7.5.0-6ubuntu2) version 7.5.0 (x86_64-linux-gnu)]
  ignore line: [	compiled by GNU C version 7.5.0  GMP version 6.2.0  MPFR version 4.0.2  MPC version 1.1.0  isl version isl-0.22.1-GMP]
  ignore line: []
  ignore line: [GGC heuristics: --param ggc-min-expand=100 --param ggc-min-heapsize=131072]
  ignore line: [ignoring duplicate directory "/usr/include/x86_64-linux-gnu/c++/7"]
  ignore line: [ignoring nonexistent directory "/usr/local/include/x86_64-linux-gnu"]
  ignore line: [ignoring nonexistent directory "/usr/lib/gcc/x86_64-linux-gnu/7/include-fixed"]
  ignore line: [ignoring nonexistent directory "/usr/lib/gcc/x86_64-linux-gnu/7/../../../../x86_64-linux-gnu/include"]
  ignore line: [#include "..." search starts here:]
  ignore line: [#include <...> search starts here:]
  ignore line: [ /usr/include/c++/7]
  ignore line: [ /usr/include/x86_64-linux-gnu/c++/7]
  ignore line: [ /usr/include/c++/7/backward]
  ignore line: [ /usr/lib/gcc/x86_64-linux-gnu/7/include]
  ignore line: [ /usr/local/include]
  ignore line: [ /usr/include/x86_64-linux-gnu]
  ignore line: [ /usr/include]
  ignore line: [End of search list.]
  ignore line: [GNU C++14 (Ubuntu 7.5.0-6ubuntu2) version 7.5.0 (x86_64-linux-gnu)]
  ignore line: [	compiled by GNU C version 7.5.0  GMP version 6.2.0  MPFR version 4.0.2  MPC version 1.1.0  isl version isl-0.22.1-GMP]
  ignore line: []
  ignore line: [GGC heuristics: --param ggc-min-expand=100 --param ggc-min-heapsize=131072]
  ignore line: [Compiler executable checksum: 7ae1d509dd7f85612b2d6bc18654d3f5]
  ignore line: [COLLECT_GCC_OPTIONS='-v' '-o' 'CMakeFiles/cmTC_333c6.dir/CMakeCXXCompilerABI.cpp.o' '-c' '-shared-libgcc' '-mtune=generic' '-march=x86-64']
  ignore line: [ as -v --64 -o CMakeFiles/cmTC_333c6.dir/CMakeCXXCompilerABI.cpp.o /tmp/cckoIDEp.s]
  ignore line: [GNU assembler version 2.34 (x86_64-linux-gnu) using BFD version (GNU Binutils for Ubuntu) 2.34]
  ignore line: [COMPILER_PATH=/usr/lib/gcc/x86_64-linux-gnu/7/:/usr/lib/gcc/x86_64-linux-gnu/7/:/usr/lib/gcc/x86_64-linux-gnu/:/usr/lib/gcc/x86_64-linux-gnu/7/:/usr/lib/gcc/x86_64-linux-gnu/]
  ignore line: [LIBRARY_PATH=/usr/lib/gcc/x86_64-linux-gnu/7/:/usr/lib/gcc/x86_64-linux-gnu/7/../../../x86_64-linux-gnu/:/usr/lib/gcc/x86_64-linux-gnu/7/../../../../lib/:/lib/x86_64-linux-gnu/:/lib/../lib/:/usr/lib/x86_64-linux-gnu/:/usr/lib/../lib/:/usr/lib/gcc/x86_64-linux-gnu/7/../../../:/lib/:/usr/lib/]
  ignore line: [COLLECT_GCC_OPTIONS='-v' '-o' 'CMakeFiles/cmTC_333c6.dir/CMakeCXXCompilerABI.cpp.o' '-c' '-shared-libgcc' '-mtune=generic' '-march=x86-64']
  ignore line: [Linking CXX executable cmTC_333c6]
  ignore line: [/usr/local/bin/cmake -E cmake_link_script CMakeFiles/cmTC_333c6.dir/link.txt --verbose=1]
  ignore line: [/usr/bin/c++  -v -rdynamic CMakeFiles/cmTC_333c6.dir/CMakeCXXCompilerABI.cpp.o -o cmTC_333c6 ]
  ignore line: [Using built-in specs.]
  ignore line: [COLLECT_GCC=/usr/bin/c++]
  ignore line: [COLLECT_LTO_WRAPPER=/usr/lib/gcc/x86_64-linux-gnu/7/lto-wrapper]
  ignore line: [OFFLOAD_TARGET_NAMES=nvptx-none]
  ignore line: [OFFLOAD_TARGET_DEFAULT=1]
  ignore line: [Target: x86_64-linux-gnu]
  ignore line: [Configured with: ../src/configure -v --with-pkgversion='Ubuntu 7.5.0-6ubuntu2' --with-bugurl=file:///usr/share/doc/gcc-7/README.Bugs --enable-languages=c ada c++ go brig d fortran objc obj-c++ --prefix=/usr --with-gcc-major-version-only --program-suffix=-7 --program-prefix=x86_64-linux-gnu- --enable-shared --enable-linker-build-id --libexecdir=/usr/lib --without-included-gettext --enable-threads=posix --libdir=/usr/lib --enable-nls --enable-bootstrap --enable-clocale=gnu --enable-libstdcxx-debug --enable-libstdcxx-time=yes --with-default-libstdcxx-abi=new --enable-gnu-unique-object --disable-vtable-verify --enable-libmpx --enable-plugin --enable-default-pie --with-system-zlib --with-target-system-zlib --enable-objc-gc=auto --enable-multiarch --disable-werror --with-arch-32=i686 --with-abi=m64 --with-multilib-list=m32 m64 mx32 --enable-multilib --with-tune=generic --enable-offload-targets=nvptx-none --without-cuda-driver --enable-checking=release --build=x86_64-linux-gnu --host=x86_64-linux-gnu --target=x86_64-linux-gnu]
  ignore line: [Thread model: posix]
  ignore line: [gcc version 7.5.0 (Ubuntu 7.5.0-6ubuntu2) ]
  ignore line: [COMPILER_PATH=/usr/lib/gcc/x86_64-linux-gnu/7/:/usr/lib/gcc/x86_64-linux-gnu/7/:/usr/lib/gcc/x86_64-linux-gnu/:/usr/lib/gcc/x86_64-linux-gnu/7/:/usr/lib/gcc/x86_64-linux-gnu/]
  ignore line: [LIBRARY_PATH=/usr/lib/gcc/x86_64-linux-gnu/7/:/usr/lib/gcc/x86_64-linux-gnu/7/../../../x86_64-linux-gnu/:/usr/lib/gcc/x86_64-linux-gnu/7/../../../../lib/:/lib/x86_64-linux-gnu/:/lib/../lib/:/usr/lib/x86_64-linux-gnu/:/usr/lib/../lib/:/usr/lib/gcc/x86_64-linux-gnu/7/../../../:/lib/:/usr/lib/]
  ignore line: [COLLECT_GCC_OPTIONS='-v' '-rdynamic' '-o' 'cmTC_333c6' '-shared-libgcc' '-mtune=generic' '-march=x86-64']
  link line: [ /usr/lib/gcc/x86_64-linux-gnu/7/collect2 -plugin /usr/lib/gcc/x86_64-linux-gnu/7/liblto_plugin.so -plugin-opt=/usr/lib/gcc/x86_64-linux-gnu/7/lto-wrapper -plugin-opt=-fresolution=/tmp/ccY6Oa3T.res -plugin-opt=-pass-through=-lgcc_s -plugin-opt=-pass-through=-lgcc -plugin-opt=-pass-through=-lc -plugin-opt=-pass-through=-lgcc_s -plugin-opt=-pass-through=-lgcc --build-id --eh-frame-hdr -m elf_x86_64 --hash-style=gnu --as-needed -export-dynamic -dynamic-linker /lib64/ld-linux-x86-64.so.2 -pie -z now -z relro -o cmTC_333c6 /usr/lib/gcc/x86_64-linux-gnu/7/../../../x86_64-linux-gnu/Scrt1.o /usr/lib/gcc/x86_64-linux-gnu/7/../../../x86_64-linux-gnu/crti.o /usr/lib/gcc/x86_64-linux-gnu/7/crtbeginS.o -L/usr/lib/gcc/x86_64-linux-gnu/7 -L/usr/lib/gcc/x86_64-linux-gnu/7/../../../x86_64-linux-gnu -L/usr/lib/gcc/x86_64-linux-gnu/7/../../../../lib -L/lib/x86_64-linux-gnu -L/lib/../lib -L/usr/lib/x86_64-linux-gnu -L/usr/lib/../lib -L/usr/lib/gcc/x86_64-linux-gnu/7/../../.. CMakeFiles/cmTC_333c6.dir/CMakeCXXCompilerABI.cpp.o -lstdc++ -lm -lgcc_s -lgcc -lc -lgcc_s -lgcc /usr/lib/gcc/x86_64-linux-gnu/7/crtendS.o /usr/lib/gcc/x86_64-linux-gnu/7/../../../x86_64-linux-gnu/crtn.o]
    arg [/usr/lib/gcc/x86_64-linux-gnu/7/collect2] ==> ignore
    arg [-plugin] ==> ignore
    arg [/usr/lib/gcc/x86_64-linux-gnu/7/liblto_plugin.so] ==> ignore
    arg [-plugin-opt=/usr/lib/gcc/x86_64-linux-gnu/7/lto-wrapper] ==> ignore
    arg [-plugin-opt=-fresolution=/tmp/ccY6Oa3T.res] ==> ignore
    arg [-plugin-opt=-pass-through=-lgcc_s] ==> ignore
    arg [-plugin-opt=-pass-through=-lgcc] ==> ignore
    arg [-plugin-opt=-pass-through=-lc] ==> ignore
    arg [-plugin-opt=-pass-through=-lgcc_s] ==> ignore
    arg [-plugin-opt=-pass-through=-lgcc] ==> ignore
    arg [--build-id] ==> ignore
    arg [--eh-frame-hdr] ==> ignore
    arg [-m] ==> ignore
    arg [elf_x86_64] ==> ignore
    arg [--hash-style=gnu] ==> ignore
    arg [--as-needed] ==> ignore
    arg [-export-dynamic] ==> ignore
    arg [-dynamic-linker] ==> ignore
    arg [/lib64/ld-linux-x86-64.so.2] ==> ignore
    arg [-pie] ==> ignore
    arg [-znow] ==> ignore
    arg [-zrelro] ==> ignore
    arg [-o] ==> ignore
    arg [cmTC_333c6] ==> ignore
    arg [/usr/lib/gcc/x86_64-linux-gnu/7/../../../x86_64-linux-gnu/Scrt1.o] ==> ignore
    arg [/usr/lib/gcc/x86_64-linux-gnu/7/../../../x86_64-linux-gnu/crti.o] ==> ignore
    arg [/usr/lib/gcc/x86_64-linux-gnu/7/crtbeginS.o] ==> ignore
    arg [-L/usr/lib/gcc/x86_64-linux-gnu/7] ==> dir [/usr/lib/gcc/x86_64-linux-gnu/7]
    arg [-L/usr/lib/gcc/x86_64-linux-gnu/7/../../../x86_64-linux-gnu] ==> dir [/usr/lib/gcc/x86_64-linux-gnu/7/../../../x86_64-linux-gnu]
    arg [-L/usr/lib/gcc/x86_64-linux-gnu/7/../../../../lib] ==> dir [/usr/lib/gcc/x86_64-linux-gnu/7/../../../../lib]
    arg [-L/lib/x86_64-linux-gnu] ==> dir [/lib/x86_64-linux-gnu]
    arg [-L/lib/../lib] ==> dir [/lib/../lib]
    arg [-L/usr/lib/x86_64-linux-gnu] ==> dir [/usr/lib/x86_64-linux-gnu]
    arg [-L/usr/lib/../lib] ==> dir [/usr/lib/../lib]
    arg [-L/usr/lib/gcc/x86_64-linux-gnu/7/../../..] ==> dir [/usr/lib/gcc/x86_64-linux-gnu/7/../../..]
    arg [CMakeFiles/cmTC_333c6.dir/CMakeCXXCompilerABI.cpp.o] ==> ignore
    arg [-lstdc++] ==> lib [stdc++]
    arg [-lm] ==> lib [m]
    arg [-lgcc_s] ==> lib [gcc_s]
    arg [-lgcc] ==> lib [gcc]
    arg [-lc] ==> lib [c]
    arg [-lgcc_s] ==> lib [gcc_s]
    arg [-lgcc] ==> lib [gcc]
    arg [/usr/lib/gcc/x86_64-linux-gnu/7/crtendS.o] ==> ignore
    arg [/usr/lib/gcc/x86_64-linux-gnu/7/../../../x86_64-linux-gnu/crtn.o] ==> ignore
  collapse library dir [/usr/lib/gcc/x86_64-linux-gnu/7] ==> [/usr/lib/gcc/x86_64-linux-gnu/7]
  collapse library dir [/usr/lib/gcc/x86_64-linux-gnu/7/../../../x86_64-linux-gnu] ==> [/usr/lib/x86_64-linux-gnu]
  collapse library dir [/usr/lib/gcc/x86_64-linux-gnu/7/../../../../lib] ==> [/usr/lib]
  collapse library dir [/lib/x86_64-linux-gnu] ==> [/lib/x86_64-linux-gnu]
  collapse library dir [/lib/../lib] ==> [/lib]
  collapse library dir [/usr/lib/x86_64-linux-gnu] ==> [/usr/lib/x86_64-linux-gnu]
  collapse library dir [/usr/lib/../lib] ==> [/usr/lib]
  collapse library dir [/usr/lib/gcc/x86_64-linux-gnu/7/../../..] ==> [/usr/lib]
  implicit libs: [stdc++;m;gcc_s;gcc;c;gcc_s;gcc]
  implicit dirs: [/usr/lib/gcc/x86_64-linux-gnu/7;/usr/lib/x86_64-linux-gnu;/usr/lib;/lib/x86_64-linux-gnu;/lib]
  implicit fwks: []


Performing C SOURCE FILE Test UV_LINT_WALL succeeded with the following output:
Change Dir: /home/kuanghongliang/Documents/vscode_projects/khl_project/build/CMakeFiles/CMakeTmp

Run Build Command(s):/usr/bin/make cmTC_1ba7d/fast && /usr/bin/make  -f CMakeFiles/cmTC_1ba7d.dir/build.make CMakeFiles/cmTC_1ba7d.dir/build
make[1]: Entering directory '/home/kuanghongliang/Documents/vscode_projects/khl_project/build/CMakeFiles/CMakeTmp'
Building C object CMakeFiles/cmTC_1ba7d.dir/src.c.o
/usr/bin/cc   -DUV_LINT_WALL   -Wall -o CMakeFiles/cmTC_1ba7d.dir/src.c.o -c /home/kuanghongliang/Documents/vscode_projects/khl_project/build/CMakeFiles/CMakeTmp/src.c
Linking C executable cmTC_1ba7d
/usr/local/bin/cmake -E cmake_link_script CMakeFiles/cmTC_1ba7d.dir/link.txt --verbose=1
/usr/bin/cc  -DUV_LINT_WALL CMakeFiles/cmTC_1ba7d.dir/src.c.o -o cmTC_1ba7d 
make[1]: Leaving directory '/home/kuanghongliang/Documents/vscode_projects/khl_project/build/CMakeFiles/CMakeTmp'


Source file was:
int main(void) { return 0; }
Performing C SOURCE FILE Test UV_LINT_NO_UNUSED_PARAMETER succeeded with the following output:
Change Dir: /home/kuanghongliang/Documents/vscode_projects/khl_project/build/CMakeFiles/CMakeTmp

Run Build Command(s):/usr/bin/make cmTC_17e86/fast && /usr/bin/make  -f CMakeFiles/cmTC_17e86.dir/build.make CMakeFiles/cmTC_17e86.dir/build
make[1]: Entering directory '/home/kuanghongliang/Documents/vscode_projects/khl_project/build/CMakeFiles/CMakeTmp'
Building C object CMakeFiles/cmTC_17e86.dir/src.c.o
/usr/bin/cc   -DUV_LINT_NO_UNUSED_PARAMETER   -Wno-unused-parameter -o CMakeFiles/cmTC_17e86.dir/src.c.o -c /home/kuanghongliang/Documents/vscode_projects/khl_project/build/CMakeFiles/CMakeTmp/src.c
Linking C executable cmTC_17e86
/usr/local/bin/cmake -E cmake_link_script CMakeFiles/cmTC_17e86.dir/link.txt --verbose=1
/usr/bin/cc  -DUV_LINT_NO_UNUSED_PARAMETER CMakeFiles/cmTC_17e86.dir/src.c.o -o cmTC_17e86 
make[1]: Leaving directory '/home/kuanghongliang/Documents/vscode_projects/khl_project/build/CMakeFiles/CMakeTmp'


Source file was:
int main(void) { return 0; }
Performing C SOURCE FILE Test UV_LINT_STRICT_PROTOTYPES succeeded with the following output:
Change Dir: /home/kuanghongliang/Documents/vscode_projects/khl_project/build/CMakeFiles/CMakeTmp

Run Build Command(s):/usr/bin/make cmTC_8d795/fast && /usr/bin/make  -f CMakeFiles/cmTC_8d795.dir/build.make CMakeFiles/cmTC_8d795.dir/build
make[1]: Entering directory '/home/kuanghongliang/Documents/vscode_projects/khl_project/build/CMakeFiles/CMakeTmp'
Building C object CMakeFiles/cmTC_8d795.dir/src.c.o
/usr/bin/cc   -DUV_LINT_STRICT_PROTOTYPES   -Wstrict-prototypes -o CMakeFiles/cmTC_8d795.dir/src.c.o -c /home/kuanghongliang/Documents/vscode_projects/khl_project/build/CMakeFiles/CMakeTmp/src.c
Linking C executable cmTC_8d795
/usr/local/bin/cmake -E cmake_link_script CMakeFiles/cmTC_8d795.dir/link.txt --verbose=1
/usr/bin/cc  -DUV_LINT_STRICT_PROTOTYPES CMakeFiles/cmTC_8d795.dir/src.c.o -o cmTC_8d795 
make[1]: Leaving directory '/home/kuanghongliang/Documents/vscode_projects/khl_project/build/CMakeFiles/CMakeTmp'


Source file was:
int main(void) { return 0; }
Performing C SOURCE FILE Test UV_LINT_EXTRA succeeded with the following output:
Change Dir: /home/kuanghongliang/Documents/vscode_projects/khl_project/build/CMakeFiles/CMakeTmp

Run Build Command(s):/usr/bin/make cmTC_1fdcf/fast && /usr/bin/make  -f CMakeFiles/cmTC_1fdcf.dir/build.make CMakeFiles/cmTC_1fdcf.dir/build
make[1]: Entering directory '/home/kuanghongliang/Documents/vscode_projects/khl_project/build/CMakeFiles/CMakeTmp'
Building C object CMakeFiles/cmTC_1fdcf.dir/src.c.o
/usr/bin/cc   -DUV_LINT_EXTRA   -Wextra -o CMakeFiles/cmTC_1fdcf.dir/src.c.o -c /home/kuanghongliang/Documents/vscode_projects/khl_project/build/CMakeFiles/CMakeTmp/src.c
Linking C executable cmTC_1fdcf
/usr/local/bin/cmake -E cmake_link_script CMakeFiles/cmTC_1fdcf.dir/link.txt --verbose=1
/usr/bin/cc  -DUV_LINT_EXTRA CMakeFiles/cmTC_1fdcf.dir/src.c.o -o cmTC_1fdcf 
make[1]: Leaving directory '/home/kuanghongliang/Documents/vscode_projects/khl_project/build/CMakeFiles/CMakeTmp'


Source file was:
int main(void) { return 0; }
Performing C SOURCE FILE Test UV_F_STRICT_ALIASING succeeded with the following output:
Change Dir: /home/kuanghongliang/Documents/vscode_projects/khl_project/build/CMakeFiles/CMakeTmp

Run Build Command(s):/usr/bin/make cmTC_7b49a/fast && /usr/bin/make  -f CMakeFiles/cmTC_7b49a.dir/build.make CMakeFiles/cmTC_7b49a.dir/build
make[1]: Entering directory '/home/kuanghongliang/Documents/vscode_projects/khl_project/build/CMakeFiles/CMakeTmp'
Building C object CMakeFiles/cmTC_7b49a.dir/src.c.o
/usr/bin/cc   -DUV_F_STRICT_ALIASING   -fno-strict-aliasing -o CMakeFiles/cmTC_7b49a.dir/src.c.o -c /home/kuanghongliang/Documents/vscode_projects/khl_project/build/CMakeFiles/CMakeTmp/src.c
Linking C executable cmTC_7b49a
/usr/local/bin/cmake -E cmake_link_script CMakeFiles/cmTC_7b49a.dir/link.txt --verbose=1
/usr/bin/cc  -DUV_F_STRICT_ALIASING CMakeFiles/cmTC_7b49a.dir/src.c.o -o cmTC_7b49a 
make[1]: Leaving directory '/home/kuanghongliang/Documents/vscode_projects/khl_project/build/CMakeFiles/CMakeTmp'


Source file was:
int main(void) { return 0; }
Determining if the include file pthread.h exists passed with the following output:
Change Dir: /home/kuanghongliang/Documents/vscode_projects/khl_project/build/CMakeFiles/CMakeTmp

Run Build Command(s):/usr/bin/make cmTC_6abdf/fast && /usr/bin/make  -f CMakeFiles/cmTC_6abdf.dir/build.make CMakeFiles/cmTC_6abdf.dir/build
make[1]: Entering directory '/home/kuanghongliang/Documents/vscode_projects/khl_project/build/CMakeFiles/CMakeTmp'
Building C object CMakeFiles/cmTC_6abdf.dir/CheckIncludeFile.c.o
/usr/bin/cc    -o CMakeFiles/cmTC_6abdf.dir/CheckIncludeFile.c.o -c /home/kuanghongliang/Documents/vscode_projects/khl_project/build/CMakeFiles/CMakeTmp/CheckIncludeFile.c
Linking C executable cmTC_6abdf
/usr/local/bin/cmake -E cmake_link_script CMakeFiles/cmTC_6abdf.dir/link.txt --verbose=1
/usr/bin/cc -rdynamic CMakeFiles/cmTC_6abdf.dir/CheckIncludeFile.c.o -o cmTC_6abdf 
make[1]: Leaving directory '/home/kuanghongliang/Documents/vscode_projects/khl_project/build/CMakeFiles/CMakeTmp'



Determining if the function pthread_create exists in the pthread passed with the following output:
Change Dir: /home/kuanghongliang/Documents/vscode_projects/khl_project/build/CMakeFiles/CMakeTmp

Run Build Command(s):/usr/bin/make cmTC_a13b7/fast && /usr/bin/make  -f CMakeFiles/cmTC_a13b7.dir/build.make CMakeFiles/cmTC_a13b7.dir/build
make[1]: Entering directory '/home/kuanghongliang/Documents/vscode_projects/khl_project/build/CMakeFiles/CMakeTmp'
Building C object CMakeFiles/cmTC_a13b7.dir/CheckFunctionExists.c.o
/usr/bin/cc   -DCHECK_FUNCTION_EXISTS=pthread_create -o CMakeFiles/cmTC_a13b7.dir/CheckFunctionExists.c.o -c /usr/local/share/cmake-3.18/Modules/CheckFunctionExists.c
Linking C executable cmTC_a13b7
/usr/local/bin/cmake -E cmake_link_script CMakeFiles/cmTC_a13b7.dir/link.txt --verbose=1
/usr/bin/cc  -DCHECK_FUNCTION_EXISTS=pthread_create -rdynamic CMakeFiles/cmTC_a13b7.dir/CheckFunctionExists.c.o -o cmTC_a13b7  -lpthread 
make[1]: Leaving directory '/home/kuanghongliang/Documents/vscode_projects/khl_project/build/CMakeFiles/CMakeTmp'



Determining if the function shm_open exists in the rt passed with the following output:
Change Dir: /home/kuanghongliang/Documents/vscode_projects/khl_project/build/CMakeFiles/CMakeTmp

Run Build Command(s):/usr/bin/make cmTC_23a94/fast && /usr/bin/make  -f CMakeFiles/cmTC_23a94.dir/build.make CMakeFiles/cmTC_23a94.dir/build
make[1]: Entering directory '/home/kuanghongliang/Documents/vscode_projects/khl_project/build/CMakeFiles/CMakeTmp'
Building C object CMakeFiles/cmTC_23a94.dir/CheckFunctionExists.c.o
/usr/bin/cc   -DCHECK_FUNCTION_EXISTS=shm_open -o CMakeFiles/cmTC_23a94.dir/CheckFunctionExists.c.o -c /usr/local/share/cmake-3.18/Modules/CheckFunctionExists.c
Linking C executable cmTC_23a94
/usr/local/bin/cmake -E cmake_link_script CMakeFiles/cmTC_23a94.dir/link.txt --verbose=1
/usr/bin/cc  -DCHECK_FUNCTION_EXISTS=shm_open -rdynamic CMakeFiles/cmTC_23a94.dir/CheckFunctionExists.c.o -o cmTC_23a94  -lrt 
make[1]: Leaving directory '/home/kuanghongliang/Documents/vscode_projects/khl_project/build/CMakeFiles/CMakeTmp'



Performing C++ SOURCE FILE Test HAVE_CXX_FLAG_WALL succeeded with the following output:
Change Dir: /home/kuanghongliang/Documents/vscode_projects/khl_project/build/CMakeFiles/CMakeTmp

Run Build Command(s):/usr/bin/make cmTC_fd308/fast && /usr/bin/make  -f CMakeFiles/cmTC_fd308.dir/build.make CMakeFiles/cmTC_fd308.dir/build
make[1]: Entering directory '/home/kuanghongliang/Documents/vscode_projects/khl_project/build/CMakeFiles/CMakeTmp'
Building CXX object CMakeFiles/cmTC_fd308.dir/src.cxx.o
/usr/bin/c++   -DHAVE_CXX_FLAG_WALL  -Wall   -Wall -std=c++11 -o CMakeFiles/cmTC_fd308.dir/src.cxx.o -c /home/kuanghongliang/Documents/vscode_projects/khl_project/build/CMakeFiles/CMakeTmp/src.cxx
Linking CXX executable cmTC_fd308
/usr/local/bin/cmake -E cmake_link_script CMakeFiles/cmTC_fd308.dir/link.txt --verbose=1
/usr/bin/c++  -DHAVE_CXX_FLAG_WALL  -Wall CMakeFiles/cmTC_fd308.dir/src.cxx.o -o cmTC_fd308 
make[1]: Leaving directory '/home/kuanghongliang/Documents/vscode_projects/khl_project/build/CMakeFiles/CMakeTmp'


Source file was:
int main() { return 0; }
Performing C++ SOURCE FILE Test HAVE_CXX_FLAG_WEXTRA succeeded with the following output:
Change Dir: /home/kuanghongliang/Documents/vscode_projects/khl_project/build/CMakeFiles/CMakeTmp

Run Build Command(s):/usr/bin/make cmTC_42551/fast && /usr/bin/make  -f CMakeFiles/cmTC_42551.dir/build.make CMakeFiles/cmTC_42551.dir/build
make[1]: Entering directory '/home/kuanghongliang/Documents/vscode_projects/khl_project/build/CMakeFiles/CMakeTmp'
Building CXX object CMakeFiles/cmTC_42551.dir/src.cxx.o
/usr/bin/c++   -Wall -DHAVE_CXX_FLAG_WEXTRA  -Wextra   -Wextra -std=c++11 -o CMakeFiles/cmTC_42551.dir/src.cxx.o -c /home/kuanghongliang/Documents/vscode_projects/khl_project/build/CMakeFiles/CMakeTmp/src.cxx
Linking CXX executable cmTC_42551
/usr/local/bin/cmake -E cmake_link_script CMakeFiles/cmTC_42551.dir/link.txt --verbose=1
/usr/bin/c++   -Wall -DHAVE_CXX_FLAG_WEXTRA  -Wextra CMakeFiles/cmTC_42551.dir/src.cxx.o -o cmTC_42551 
make[1]: Leaving directory '/home/kuanghongliang/Documents/vscode_projects/khl_project/build/CMakeFiles/CMakeTmp'


Source file was:
int main() { return 0; }
Performing C++ SOURCE FILE Test HAVE_CXX_FLAG_WSHADOW succeeded with the following output:
Change Dir: /home/kuanghongliang/Documents/vscode_projects/khl_project/build/CMakeFiles/CMakeTmp

Run Build Command(s):/usr/bin/make cmTC_2092a/fast && /usr/bin/make  -f CMakeFiles/cmTC_2092a.dir/build.make CMakeFiles/cmTC_2092a.dir/build
make[1]: Entering directory '/home/kuanghongliang/Documents/vscode_projects/khl_project/build/CMakeFiles/CMakeTmp'
Building CXX object CMakeFiles/cmTC_2092a.dir/src.cxx.o
/usr/bin/c++   -Wall  -Wextra -DHAVE_CXX_FLAG_WSHADOW  -Wshadow   -Wshadow -std=c++11 -o CMakeFiles/cmTC_2092a.dir/src.cxx.o -c /home/kuanghongliang/Documents/vscode_projects/khl_project/build/CMakeFiles/CMakeTmp/src.cxx
Linking CXX executable cmTC_2092a
/usr/local/bin/cmake -E cmake_link_script CMakeFiles/cmTC_2092a.dir/link.txt --verbose=1
/usr/bin/c++   -Wall  -Wextra -DHAVE_CXX_FLAG_WSHADOW  -Wshadow CMakeFiles/cmTC_2092a.dir/src.cxx.o -o cmTC_2092a 
make[1]: Leaving directory '/home/kuanghongliang/Documents/vscode_projects/khl_project/build/CMakeFiles/CMakeTmp'


Source file was:
int main() { return 0; }
Performing C++ SOURCE FILE Test HAVE_CXX_FLAG_WFLOAT_EQUAL succeeded with the following output:
Change Dir: /home/kuanghongliang/Documents/vscode_projects/khl_project/build/CMakeFiles/CMakeTmp

Run Build Command(s):/usr/bin/make cmTC_9ba6c/fast && /usr/bin/make  -f CMakeFiles/cmTC_9ba6c.dir/build.make CMakeFiles/cmTC_9ba6c.dir/build
make[1]: Entering directory '/home/kuanghongliang/Documents/vscode_projects/khl_project/build/CMakeFiles/CMakeTmp'
Building CXX object CMakeFiles/cmTC_9ba6c.dir/src.cxx.o
/usr/bin/c++   -Wall  -Wextra  -Wshadow -DHAVE_CXX_FLAG_WFLOAT_EQUAL  -Wfloat-equal   -Wfloat-equal -std=c++11 -o CMakeFiles/cmTC_9ba6c.dir/src.cxx.o -c /home/kuanghongliang/Documents/vscode_projects/khl_project/build/CMakeFiles/CMakeTmp/src.cxx
Linking CXX executable cmTC_9ba6c
/usr/local/bin/cmake -E cmake_link_script CMakeFiles/cmTC_9ba6c.dir/link.txt --verbose=1
/usr/bin/c++   -Wall  -Wextra  -Wshadow -DHAVE_CXX_FLAG_WFLOAT_EQUAL  -Wfloat-equal CMakeFiles/cmTC_9ba6c.dir/src.cxx.o -o cmTC_9ba6c 
make[1]: Leaving directory '/home/kuanghongliang/Documents/vscode_projects/khl_project/build/CMakeFiles/CMakeTmp'


Source file was:
int main() { return 0; }
Performing C++ SOURCE FILE Test HAVE_CXX_FLAG_WERROR succeeded with the following output:
Change Dir: /home/kuanghongliang/Documents/vscode_projects/khl_project/build/CMakeFiles/CMakeTmp

Run Build Command(s):/usr/bin/make cmTC_9432c/fast && /usr/bin/make  -f CMakeFiles/cmTC_9432c.dir/build.make CMakeFiles/cmTC_9432c.dir/build
make[1]: Entering directory '/home/kuanghongliang/Documents/vscode_projects/khl_project/build/CMakeFiles/CMakeTmp'
Building CXX object CMakeFiles/cmTC_9432c.dir/src.cxx.o
/usr/bin/c++   -Wall  -Wextra  -Wshadow  -Wfloat-equal -DHAVE_CXX_FLAG_WERROR  -Werror   -Werror -std=c++11 -o CMakeFiles/cmTC_9432c.dir/src.cxx.o -c /home/kuanghongliang/Documents/vscode_projects/khl_project/build/CMakeFiles/CMakeTmp/src.cxx
Linking CXX executable cmTC_9432c
/usr/local/bin/cmake -E cmake_link_script CMakeFiles/cmTC_9432c.dir/link.txt --verbose=1
/usr/bin/c++   -Wall  -Wextra  -Wshadow  -Wfloat-equal -DHAVE_CXX_FLAG_WERROR  -Werror CMakeFiles/cmTC_9432c.dir/src.cxx.o -o cmTC_9432c 
make[1]: Leaving directory '/home/kuanghongliang/Documents/vscode_projects/khl_project/build/CMakeFiles/CMakeTmp'


Source file was:
int main() { return 0; }
Performing C++ SOURCE FILE Test HAVE_CXX_FLAG_PEDANTIC succeeded with the following output:
Change Dir: /home/kuanghongliang/Documents/vscode_projects/khl_project/build/CMakeFiles/CMakeTmp

Run Build Command(s):/usr/bin/make cmTC_71d21/fast && /usr/bin/make  -f CMakeFiles/cmTC_71d21.dir/build.make CMakeFiles/cmTC_71d21.dir/build
make[1]: Entering directory '/home/kuanghongliang/Documents/vscode_projects/khl_project/build/CMakeFiles/CMakeTmp'
Building CXX object CMakeFiles/cmTC_71d21.dir/src.cxx.o
/usr/bin/c++   -Wall  -Wextra  -Wshadow  -Wfloat-equal  -Werror -DHAVE_CXX_FLAG_PEDANTIC  -pedantic   -pedantic -std=c++11 -o CMakeFiles/cmTC_71d21.dir/src.cxx.o -c /home/kuanghongliang/Documents/vscode_projects/khl_project/build/CMakeFiles/CMakeTmp/src.cxx
Linking CXX executable cmTC_71d21
/usr/local/bin/cmake -E cmake_link_script CMakeFiles/cmTC_71d21.dir/link.txt --verbose=1
/usr/bin/c++   -Wall  -Wextra  -Wshadow  -Wfloat-equal  -Werror -DHAVE_CXX_FLAG_PEDANTIC  -pedantic CMakeFiles/cmTC_71d21.dir/src.cxx.o -o cmTC_71d21 
make[1]: Leaving directory '/home/kuanghongliang/Documents/vscode_projects/khl_project/build/CMakeFiles/CMakeTmp'


Source file was:
int main() { return 0; }
Performing C++ SOURCE FILE Test HAVE_CXX_FLAG_PEDANTIC_ERRORS succeeded with the following output:
Change Dir: /home/kuanghongliang/Documents/vscode_projects/khl_project/build/CMakeFiles/CMakeTmp

Run Build Command(s):/usr/bin/make cmTC_a003f/fast && /usr/bin/make  -f CMakeFiles/cmTC_a003f.dir/build.make CMakeFiles/cmTC_a003f.dir/build
make[1]: Entering directory '/home/kuanghongliang/Documents/vscode_projects/khl_project/build/CMakeFiles/CMakeTmp'
Building CXX object CMakeFiles/cmTC_a003f.dir/src.cxx.o
/usr/bin/c++   -Wall  -Wextra  -Wshadow  -Wfloat-equal  -Werror  -pedantic -DHAVE_CXX_FLAG_PEDANTIC_ERRORS  -pedantic-errors   -pedantic-errors -std=c++11 -o CMakeFiles/cmTC_a003f.dir/src.cxx.o -c /home/kuanghongliang/Documents/vscode_projects/khl_project/build/CMakeFiles/CMakeTmp/src.cxx
Linking CXX executable cmTC_a003f
/usr/local/bin/cmake -E cmake_link_script CMakeFiles/cmTC_a003f.dir/link.txt --verbose=1
/usr/bin/c++   -Wall  -Wextra  -Wshadow  -Wfloat-equal  -Werror  -pedantic -DHAVE_CXX_FLAG_PEDANTIC_ERRORS  -pedantic-errors CMakeFiles/cmTC_a003f.dir/src.cxx.o -o cmTC_a003f 
make[1]: Leaving directory '/home/kuanghongliang/Documents/vscode_projects/khl_project/build/CMakeFiles/CMakeTmp'


Source file was:
int main() { return 0; }
Performing C++ SOURCE FILE Test HAVE_CXX_FLAG_FSTRICT_ALIASING succeeded with the following output:
Change Dir: /home/kuanghongliang/Documents/vscode_projects/khl_project/build/CMakeFiles/CMakeTmp

Run Build Command(s):/usr/bin/make cmTC_cdf99/fast && /usr/bin/make  -f CMakeFiles/cmTC_cdf99.dir/build.make CMakeFiles/cmTC_cdf99.dir/build
make[1]: Entering directory '/home/kuanghongliang/Documents/vscode_projects/khl_project/build/CMakeFiles/CMakeTmp'
Building CXX object CMakeFiles/cmTC_cdf99.dir/src.cxx.o
/usr/bin/c++   -Wall  -Wextra  -Wshadow  -Wfloat-equal  -Werror  -pedantic  -pedantic-errors -DHAVE_CXX_FLAG_FSTRICT_ALIASING  -fstrict-aliasing   -fstrict-aliasing -std=c++11 -o CMakeFiles/cmTC_cdf99.dir/src.cxx.o -c /home/kuanghongliang/Documents/vscode_projects/khl_project/build/CMakeFiles/CMakeTmp/src.cxx
Linking CXX executable cmTC_cdf99
/usr/local/bin/cmake -E cmake_link_script CMakeFiles/cmTC_cdf99.dir/link.txt --verbose=1
/usr/bin/c++   -Wall  -Wextra  -Wshadow  -Wfloat-equal  -Werror  -pedantic  -pedantic-errors -DHAVE_CXX_FLAG_FSTRICT_ALIASING  -fstrict-aliasing CMakeFiles/cmTC_cdf99.dir/src.cxx.o -o cmTC_cdf99 
make[1]: Leaving directory '/home/kuanghongliang/Documents/vscode_projects/khl_project/build/CMakeFiles/CMakeTmp'


Source file was:
int main() { return 0; }
Performing C++ SOURCE FILE Test HAVE_CXX_FLAG_WNO_DEPRECATED_DECLARATIONS succeeded with the following output:
Change Dir: /home/kuanghongliang/Documents/vscode_projects/khl_project/build/CMakeFiles/CMakeTmp

Run Build Command(s):/usr/bin/make cmTC_23897/fast && /usr/bin/make  -f CMakeFiles/cmTC_23897.dir/build.make CMakeFiles/cmTC_23897.dir/build
make[1]: Entering directory '/home/kuanghongliang/Documents/vscode_projects/khl_project/build/CMakeFiles/CMakeTmp'
Building CXX object CMakeFiles/cmTC_23897.dir/src.cxx.o
/usr/bin/c++   -Wall  -Wextra  -Wshadow  -Wfloat-equal  -Werror  -pedantic  -pedantic-errors  -fstrict-aliasing -DHAVE_CXX_FLAG_WNO_DEPRECATED_DECLARATIONS  -Wno-deprecated-declarations   -Wno-deprecated-declarations -std=c++11 -o CMakeFiles/cmTC_23897.dir/src.cxx.o -c /home/kuanghongliang/Documents/vscode_projects/khl_project/build/CMakeFiles/CMakeTmp/src.cxx
Linking CXX executable cmTC_23897
/usr/local/bin/cmake -E cmake_link_script CMakeFiles/cmTC_23897.dir/link.txt --verbose=1
/usr/bin/c++   -Wall  -Wextra  -Wshadow  -Wfloat-equal  -Werror  -pedantic  -pedantic-errors  -fstrict-aliasing -DHAVE_CXX_FLAG_WNO_DEPRECATED_DECLARATIONS  -Wno-deprecated-declarations CMakeFiles/cmTC_23897.dir/src.cxx.o -o cmTC_23897 
make[1]: Leaving directory '/home/kuanghongliang/Documents/vscode_projects/khl_project/build/CMakeFiles/CMakeTmp'


Source file was:
int main() { return 0; }
Performing C++ SOURCE FILE Test HAVE_CXX_FLAG_WNO_DEPRECATED succeeded with the following output:
Change Dir: /home/kuanghongliang/Documents/vscode_projects/khl_project/build/CMakeFiles/CMakeTmp

Run Build Command(s):/usr/bin/make cmTC_4f79b/fast && /usr/bin/make  -f CMakeFiles/cmTC_4f79b.dir/build.make CMakeFiles/cmTC_4f79b.dir/build
make[1]: Entering directory '/home/kuanghongliang/Documents/vscode_projects/khl_project/build/CMakeFiles/CMakeTmp'
Building CXX object CMakeFiles/cmTC_4f79b.dir/src.cxx.o
/usr/bin/c++   -Wall  -Wextra  -Wshadow  -Wfloat-equal  -Werror  -pedantic  -pedantic-errors  -fstrict-aliasing  -Wno-deprecated-declarations -DHAVE_CXX_FLAG_WNO_DEPRECATED  -Wno-deprecated   -Wno-deprecated -std=c++11 -o CMakeFiles/cmTC_4f79b.dir/src.cxx.o -c /home/kuanghongliang/Documents/vscode_projects/khl_project/build/CMakeFiles/CMakeTmp/src.cxx
Linking CXX executable cmTC_4f79b
/usr/local/bin/cmake -E cmake_link_script CMakeFiles/cmTC_4f79b.dir/link.txt --verbose=1
/usr/bin/c++   -Wall  -Wextra  -Wshadow  -Wfloat-equal  -Werror  -pedantic  -pedantic-errors  -fstrict-aliasing  -Wno-deprecated-declarations -DHAVE_CXX_FLAG_WNO_DEPRECATED  -Wno-deprecated CMakeFiles/cmTC_4f79b.dir/src.cxx.o -o cmTC_4f79b 
make[1]: Leaving directory '/home/kuanghongliang/Documents/vscode_projects/khl_project/build/CMakeFiles/CMakeTmp'


Source file was:
int main() { return 0; }
Performing C++ SOURCE FILE Test HAVE_CXX_FLAG_WSTRICT_ALIASING succeeded with the following output:
Change Dir: /home/kuanghongliang/Documents/vscode_projects/khl_project/build/CMakeFiles/CMakeTmp

Run Build Command(s):/usr/bin/make cmTC_8afdd/fast && /usr/bin/make  -f CMakeFiles/cmTC_8afdd.dir/build.make CMakeFiles/cmTC_8afdd.dir/build
make[1]: Entering directory '/home/kuanghongliang/Documents/vscode_projects/khl_project/build/CMakeFiles/CMakeTmp'
Building CXX object CMakeFiles/cmTC_8afdd.dir/src.cxx.o
/usr/bin/c++   -Wall  -Wextra  -Wshadow  -Wfloat-equal  -Werror  -pedantic  -pedantic-errors  -fstrict-aliasing  -Wno-deprecated-declarations  -Wno-deprecated -DHAVE_CXX_FLAG_WSTRICT_ALIASING  -Wstrict-aliasing   -Wstrict-aliasing -std=c++11 -o CMakeFiles/cmTC_8afdd.dir/src.cxx.o -c /home/kuanghongliang/Documents/vscode_projects/khl_project/build/CMakeFiles/CMakeTmp/src.cxx
Linking CXX executable cmTC_8afdd
/usr/local/bin/cmake -E cmake_link_script CMakeFiles/cmTC_8afdd.dir/link.txt --verbose=1
/usr/bin/c++   -Wall  -Wextra  -Wshadow  -Wfloat-equal  -Werror  -pedantic  -pedantic-errors  -fstrict-aliasing  -Wno-deprecated-declarations  -Wno-deprecated -DHAVE_CXX_FLAG_WSTRICT_ALIASING  -Wstrict-aliasing CMakeFiles/cmTC_8afdd.dir/src.cxx.o -o cmTC_8afdd 
make[1]: Leaving directory '/home/kuanghongliang/Documents/vscode_projects/khl_project/build/CMakeFiles/CMakeTmp'


Source file was:
int main() { return 0; }
Performing C++ SOURCE FILE Test HAVE_CXX_FLAG_COVERAGE succeeded with the following output:
Change Dir: /home/kuanghongliang/Documents/vscode_projects/khl_project/build/CMakeFiles/CMakeTmp

Run Build Command(s):/usr/bin/make cmTC_bf30c/fast && /usr/bin/make  -f CMakeFiles/cmTC_bf30c.dir/build.make CMakeFiles/cmTC_bf30c.dir/build
make[1]: Entering directory '/home/kuanghongliang/Documents/vscode_projects/khl_project/build/CMakeFiles/CMakeTmp'
Building CXX object CMakeFiles/cmTC_bf30c.dir/src.cxx.o
/usr/bin/c++   -Wall  -Wextra  -Wshadow  -Wfloat-equal  -Werror  -pedantic  -pedantic-errors  -fstrict-aliasing  -Wno-deprecated-declarations  -Wno-deprecated  -Wstrict-aliasing -DHAVE_CXX_FLAG_COVERAGE  --coverage   --coverage -std=c++11 -o CMakeFiles/cmTC_bf30c.dir/src.cxx.o -c /home/kuanghongliang/Documents/vscode_projects/khl_project/build/CMakeFiles/CMakeTmp/src.cxx
Linking CXX executable cmTC_bf30c
/usr/local/bin/cmake -E cmake_link_script CMakeFiles/cmTC_bf30c.dir/link.txt --verbose=1
/usr/bin/c++   -Wall  -Wextra  -Wshadow  -Wfloat-equal  -Werror  -pedantic  -pedantic-errors  -fstrict-aliasing  -Wno-deprecated-declarations  -Wno-deprecated  -Wstrict-aliasing -DHAVE_CXX_FLAG_COVERAGE  --coverage CMakeFiles/cmTC_bf30c.dir/src.cxx.o -o cmTC_bf30c 
make[1]: Leaving directory '/home/kuanghongliang/Documents/vscode_projects/khl_project/build/CMakeFiles/CMakeTmp'


Source file was:
int main() { return 0; }
Performing C++ SOURCE FILE Test BENCHMARK_HAS_O3_FLAG succeeded with the following output:
Change Dir: /home/kuanghongliang/Documents/vscode_projects/khl_project/build/CMakeFiles/CMakeTmp

Run Build Command(s):/usr/bin/make cmTC_a5d54/fast && /usr/bin/make  -f CMakeFiles/cmTC_a5d54.dir/build.make CMakeFiles/cmTC_a5d54.dir/build
make[1]: Entering directory '/home/kuanghongliang/Documents/vscode_projects/khl_project/build/CMakeFiles/CMakeTmp'
Building CXX object CMakeFiles/cmTC_a5d54.dir/src.cxx.o
/usr/bin/c++   -Wall  -Wextra  -Wshadow  -Wfloat-equal  -Werror  -pedantic  -pedantic-errors  -fstrict-aliasing  -Wno-deprecated-declarations  -Wno-deprecated  -Wstrict-aliasing -DBENCHMARK_HAS_O3_FLAG   -O3 -std=c++11 -o CMakeFiles/cmTC_a5d54.dir/src.cxx.o -c /home/kuanghongliang/Documents/vscode_projects/khl_project/build/CMakeFiles/CMakeTmp/src.cxx
Linking CXX executable cmTC_a5d54
/usr/local/bin/cmake -E cmake_link_script CMakeFiles/cmTC_a5d54.dir/link.txt --verbose=1
/usr/bin/c++   -Wall  -Wextra  -Wshadow  -Wfloat-equal  -Werror  -pedantic  -pedantic-errors  -fstrict-aliasing  -Wno-deprecated-declarations  -Wno-deprecated  -Wstrict-aliasing -DBENCHMARK_HAS_O3_FLAG CMakeFiles/cmTC_a5d54.dir/src.cxx.o -o cmTC_a5d54 
make[1]: Leaving directory '/home/kuanghongliang/Documents/vscode_projects/khl_project/build/CMakeFiles/CMakeTmp'


Source file was:
int main() { return 0; }
Performing C++ SOURCE FILE Test BENCHMARK_HAS_WNO_ODR succeeded with the following output:
Change Dir: /home/kuanghongliang/Documents/vscode_projects/khl_project/build/CMakeFiles/CMakeTmp

Run Build Command(s):/usr/bin/make cmTC_289db/fast && /usr/bin/make  -f CMakeFiles/cmTC_289db.dir/build.make CMakeFiles/cmTC_289db.dir/build
make[1]: Entering directory '/home/kuanghongliang/Documents/vscode_projects/khl_project/build/CMakeFiles/CMakeTmp'
Building CXX object CMakeFiles/cmTC_289db.dir/src.cxx.o
/usr/bin/c++   -Wall  -Wextra  -Wshadow  -Wfloat-equal  -Werror  -pedantic  -pedantic-errors  -fstrict-aliasing  -Wno-deprecated-declarations  -Wno-deprecated  -Wstrict-aliasing -DBENCHMARK_HAS_WNO_ODR   -Wno-odr -std=c++11 -o CMakeFiles/cmTC_289db.dir/src.cxx.o -c /home/kuanghongliang/Documents/vscode_projects/khl_project/build/CMakeFiles/CMakeTmp/src.cxx
Linking CXX executable cmTC_289db
/usr/local/bin/cmake -E cmake_link_script CMakeFiles/cmTC_289db.dir/link.txt --verbose=1
/usr/bin/c++   -Wall  -Wextra  -Wshadow  -Wfloat-equal  -Werror  -pedantic  -pedantic-errors  -fstrict-aliasing  -Wno-deprecated-declarations  -Wno-deprecated  -Wstrict-aliasing -DBENCHMARK_HAS_WNO_ODR CMakeFiles/cmTC_289db.dir/src.cxx.o -o cmTC_289db 
make[1]: Leaving directory '/home/kuanghongliang/Documents/vscode_projects/khl_project/build/CMakeFiles/CMakeTmp'


Source file was:
int main() { return 0; }
Performing C++ SOURCE FILE Test BENCHMARK_HAS_WNO_LTO_TYPE_MISMATCH succeeded with the following output:
Change Dir: /home/kuanghongliang/Documents/vscode_projects/khl_project/build/CMakeFiles/CMakeTmp

Run Build Command(s):/usr/bin/make cmTC_3b6d8/fast && /usr/bin/make  -f CMakeFiles/cmTC_3b6d8.dir/build.make CMakeFiles/cmTC_3b6d8.dir/build
make[1]: Entering directory '/home/kuanghongliang/Documents/vscode_projects/khl_project/build/CMakeFiles/CMakeTmp'
Building CXX object CMakeFiles/cmTC_3b6d8.dir/src.cxx.o
/usr/bin/c++   -Wall  -Wextra  -Wshadow  -Wfloat-equal  -Werror  -pedantic  -pedantic-errors  -fstrict-aliasing  -Wno-deprecated-declarations  -Wno-deprecated  -Wstrict-aliasing -DBENCHMARK_HAS_WNO_LTO_TYPE_MISMATCH   -Wno-lto-type-mismatch -std=c++11 -o CMakeFiles/cmTC_3b6d8.dir/src.cxx.o -c /home/kuanghongliang/Documents/vscode_projects/khl_project/build/CMakeFiles/CMakeTmp/src.cxx
Linking CXX executable cmTC_3b6d8
/usr/local/bin/cmake -E cmake_link_script CMakeFiles/cmTC_3b6d8.dir/link.txt --verbose=1
/usr/bin/c++   -Wall  -Wextra  -Wshadow  -Wfloat-equal  -Werror  -pedantic  -pedantic-errors  -fstrict-aliasing  -Wno-deprecated-declarations  -Wno-deprecated  -Wstrict-aliasing -DBENCHMARK_HAS_WNO_LTO_TYPE_MISMATCH CMakeFiles/cmTC_3b6d8.dir/src.cxx.o -o cmTC_3b6d8 
make[1]: Leaving directory '/home/kuanghongliang/Documents/vscode_projects/khl_project/build/CMakeFiles/CMakeTmp'


Source file was:
int main() { return 0; }
